<?xml version="1.0" encoding="UTF-8"?>
<!-- Generated by org.testng.reporters.JUnitReportReporter -->
<testsuite skipped="0" hostname="naveenkumar" name="NavSeleniumFramework.NavSelenium.mavenTest" tests="4" failures="0" timestamp="28 Dec 2017 10:45:00 GMT" time="0.014" errors="0">
  <testcase name="mavenTest1" time="0.005" classname="NavSeleniumFramework.NavSelenium.mavenTest"/>
  <testcase name="mavenTest2" time="0.002" classname="NavSeleniumFramework.NavSelenium.mavenTest"/>
  <testcase name="mavenTest3" time="0.004" classname="NavSeleniumFramework.NavSelenium.mavenTest"/>
  <testcase name="mavenTest4" time="0.003" classname="NavSeleniumFramework.NavSelenium.mavenTest"/>
</testsuite> <!-- NavSeleniumFramework.NavSelenium.mavenTest -->
