<?xml version="1.0" encoding="UTF-8"?>
<!-- Generated by org.testng.reporters.JUnitReportReporter -->
<testsuite skipped="0" hostname="naveenkumar" name="SeleniumPractise.maven1Test" tests="4" failures="0" timestamp="28 Dec 2017 10:45:44 GMT" time="0.055" errors="0">
  <testcase name="mavenTest3" time="0.005" classname="SeleniumPractise.maven1Test"/>
  <testcase name="mavenTest4" time="0.005" classname="SeleniumPractise.maven1Test"/>
  <testcase name="mavenTest1" time="0.039" classname="SeleniumPractise.maven1Test"/>
  <testcase name="mavenTest2" time="0.006" classname="SeleniumPractise.maven1Test"/>
</testsuite> <!-- SeleniumPractise.maven1Test -->
